01:27:33.206 [schedule-pool-1] INFO  sys-user - [run,50] - [127.0.0.1]内网IP[admin][Error][验证码已失效]
01:27:40.597 [schedule-pool-5] INFO  sys-user - [run,50] - [127.0.0.1]内网IP[admin][Success][登录成功]
01:29:53.905 [SpringApplicationShutdownHook] INFO  sys-user - [shutdownAsyncManager,26] - ====关闭后台任务任务线程池====
01:29:53.907 [SpringApplicationShutdownHook] INFO  c.a.d.p.DruidDataSource - [close,2138] - {dataSource-1} closing ...
01:29:53.909 [SpringApplicationShutdownHook] INFO  c.a.d.p.DruidDataSource - [close,2211] - {dataSource-1} closed
01:30:02.410 [restartedMain] INFO  c.s.ShopApplication - [logStarting,55] - Starting ShopApplication using Java 1.8.0_372 on GenedeMacBook-Pro.local with PID 10014 (/Users/gene/Development/project/BackEnd/flower-shop/shop-admin/target/classes started by gene in /Users/gene/Development/project/BackEnd/flower-shop)
01:30:02.411 [restartedMain] INFO  c.s.ShopApplication - [logStartupProfileInfo,686] - The following 1 profile is active: "druid"
01:30:02.412 [background-preinit] INFO  o.h.v.i.util.Version - [<clinit>,21] - HV000001: Hibernate Validator 6.2.3.Final
01:30:03.597 [restartedMain] INFO  o.a.c.h.Http11NioProtocol - [log,173] - Initializing ProtocolHandler ["http-nio-8888"]
01:30:03.598 [restartedMain] INFO  o.a.c.c.StandardService - [log,173] - Starting service [Tomcat]
01:30:03.598 [restartedMain] INFO  o.a.c.c.StandardEngine - [log,173] - Starting Servlet engine: [Apache Tomcat/9.0.63]
01:30:03.629 [restartedMain] INFO  o.a.c.c.C.[.[.[/] - [log,173] - Initializing Spring embedded WebApplicationContext
01:30:03.936 [restartedMain] INFO  o.a.c.c.StandardService - [log,173] - Stopping service [Tomcat]
01:35:20.226 [restartedMain] INFO  c.s.ShopApplication - [logStarting,55] - Starting ShopApplication using Java 1.8.0_372 on GenedeMacBook-Pro.local with PID 12659 (/Users/gene/Development/project/BackEnd/flower-shop/shop-admin/target/classes started by gene in /Users/gene/Development/project/BackEnd/flower-shop)
01:35:20.228 [restartedMain] INFO  c.s.ShopApplication - [logStartupProfileInfo,686] - The following 1 profile is active: "druid"
01:35:20.229 [background-preinit] INFO  o.h.v.i.util.Version - [<clinit>,21] - HV000001: Hibernate Validator 6.2.3.Final
01:35:21.348 [restartedMain] INFO  o.a.c.h.Http11NioProtocol - [log,173] - Initializing ProtocolHandler ["http-nio-8888"]
01:35:21.348 [restartedMain] INFO  o.a.c.c.StandardService - [log,173] - Starting service [Tomcat]
01:35:21.349 [restartedMain] INFO  o.a.c.c.StandardEngine - [log,173] - Starting Servlet engine: [Apache Tomcat/9.0.63]
01:35:21.380 [restartedMain] INFO  o.a.c.c.C.[.[.[/] - [log,173] - Initializing Spring embedded WebApplicationContext
01:35:21.652 [restartedMain] INFO  o.a.c.c.StandardService - [log,173] - Stopping service [Tomcat]
01:39:41.399 [restartedMain] INFO  c.s.ShopApplication - [logStarting,55] - Starting ShopApplication using Java 1.8.0_372 on GenedeMacBook-Pro.local with PID 14808 (/Users/gene/Development/project/BackEnd/flower-shop/shop-admin/target/classes started by gene in /Users/gene/Development/project/BackEnd/flower-shop)
01:39:41.401 [restartedMain] INFO  c.s.ShopApplication - [logStartupProfileInfo,686] - The following 1 profile is active: "druid"
01:39:41.403 [background-preinit] INFO  o.h.v.i.util.Version - [<clinit>,21] - HV000001: Hibernate Validator 6.2.3.Final
01:39:42.643 [restartedMain] INFO  o.a.c.h.Http11NioProtocol - [log,173] - Initializing ProtocolHandler ["http-nio-8888"]
01:39:42.643 [restartedMain] INFO  o.a.c.c.StandardService - [log,173] - Starting service [Tomcat]
01:39:42.644 [restartedMain] INFO  o.a.c.c.StandardEngine - [log,173] - Starting Servlet engine: [Apache Tomcat/9.0.63]
01:39:42.678 [restartedMain] INFO  o.a.c.c.C.[.[.[/] - [log,173] - Initializing Spring embedded WebApplicationContext
01:39:43.967 [restartedMain] INFO  c.a.d.p.DruidDataSource - [init,996] - {dataSource-1} inited
01:39:45.557 [restartedMain] INFO  o.a.c.h.Http11NioProtocol - [log,173] - Starting ProtocolHandler ["http-nio-8888"]
01:39:45.713 [restartedMain] INFO  c.s.ShopApplication - [logStarted,61] - Started ShopApplication in 4.629 seconds (JVM running for 5.143)
01:41:22.307 [http-nio-8888-exec-1] INFO  o.a.c.c.C.[.[.[/] - [log,173] - Initializing Spring DispatcherServlet 'dispatcherServlet'
19:32:27.242 [schedule-pool-1] INFO  sys-user - [run,50] - [127.0.0.1]内网IP[admin][Success][登录成功]
20:37:02.573 [schedule-pool-3] INFO  sys-user - [run,50] - [127.0.0.1]内网IP[admin][Success][登录成功]
