07:57:57.428 [Thread-13] INFO  sys-user - [shutdownAsyncManager,26] - ====关闭后台任务任务线程池====
07:57:57.433 [Thread-13] INFO  c.a.d.p.DruidDataSource - [close,2138] - {dataSource-1} closing ...
07:57:57.434 [Thread-13] INFO  c.a.d.p.DruidDataSource - [close,2211] - {dataSource-1} closed
19:25:15.268 [restartedMain] INFO  c.s.ShopApplication - [logStarting,55] - Starting ShopApplication using Java 1.8.0_372 on GenedeMacBook-Pro.local with PID 7229 (/Users/gene/Development/project/BackEnd/flower-shop/shop-admin/target/classes started by gene in /Users/gene/Development/project/BackEnd/flower-shop)
19:25:15.270 [restartedMain] INFO  c.s.ShopApplication - [logStartupProfileInfo,686] - The following 1 profile is active: "druid"
19:25:15.270 [background-preinit] INFO  o.h.v.i.util.Version - [<clinit>,21] - HV000001: Hibernate Validator 6.2.3.Final
19:25:16.575 [restartedMain] INFO  o.a.c.h.Http11NioProtocol - [log,173] - Initializing ProtocolHandler ["http-nio-8888"]
19:25:16.576 [restartedMain] INFO  o.a.c.c.StandardService - [log,173] - Starting service [Tomcat]
19:25:16.576 [restartedMain] INFO  o.a.c.c.StandardEngine - [log,173] - Starting Servlet engine: [Apache Tomcat/9.0.63]
19:25:16.616 [restartedMain] INFO  o.a.c.c.C.[.[.[/] - [log,173] - Initializing Spring embedded WebApplicationContext
19:25:17.887 [restartedMain] INFO  c.a.d.p.DruidDataSource - [init,996] - {dataSource-1} inited
19:25:19.533 [restartedMain] INFO  o.a.c.h.Http11NioProtocol - [log,173] - Starting ProtocolHandler ["http-nio-8888"]
19:25:19.539 [restartedMain] INFO  sys-user - [shutdownAsyncManager,26] - ====关闭后台任务任务线程池====
19:25:19.541 [restartedMain] INFO  c.a.d.p.DruidDataSource - [close,2138] - {dataSource-1} closing ...
19:25:19.544 [restartedMain] INFO  c.a.d.p.DruidDataSource - [close,2211] - {dataSource-1} closed
19:25:19.660 [restartedMain] INFO  o.a.c.h.Http11NioProtocol - [log,173] - Pausing ProtocolHandler ["http-nio-8888"]
19:25:19.660 [restartedMain] INFO  o.a.c.c.StandardService - [log,173] - Stopping service [Tomcat]
19:25:19.663 [restartedMain] INFO  o.a.c.h.Http11NioProtocol - [log,173] - Stopping ProtocolHandler ["http-nio-8888"]
19:25:19.664 [restartedMain] INFO  o.a.c.h.Http11NioProtocol - [log,173] - Destroying ProtocolHandler ["http-nio-8888"]
19:26:28.807 [restartedMain] INFO  c.s.ShopApplication - [logStarting,55] - Starting ShopApplication using Java 1.8.0_372 on GenedeMacBook-Pro.local with PID 7855 (/Users/gene/Development/project/BackEnd/flower-shop/shop-admin/target/classes started by gene in /Users/gene/Development/project/BackEnd/flower-shop)
19:26:28.808 [restartedMain] INFO  c.s.ShopApplication - [logStartupProfileInfo,686] - The following 1 profile is active: "druid"
19:26:28.810 [background-preinit] INFO  o.h.v.i.util.Version - [<clinit>,21] - HV000001: Hibernate Validator 6.2.3.Final
19:26:29.872 [restartedMain] INFO  o.a.c.h.Http11NioProtocol - [log,173] - Initializing ProtocolHandler ["http-nio-8888"]
19:26:29.872 [restartedMain] INFO  o.a.c.c.StandardService - [log,173] - Starting service [Tomcat]
19:26:29.872 [restartedMain] INFO  o.a.c.c.StandardEngine - [log,173] - Starting Servlet engine: [Apache Tomcat/9.0.63]
19:26:29.904 [restartedMain] INFO  o.a.c.c.C.[.[.[/] - [log,173] - Initializing Spring embedded WebApplicationContext
19:26:30.921 [restartedMain] INFO  c.a.d.p.DruidDataSource - [init,996] - {dataSource-1} inited
19:26:32.394 [restartedMain] INFO  o.a.c.h.Http11NioProtocol - [log,173] - Starting ProtocolHandler ["http-nio-8888"]
19:26:32.526 [restartedMain] INFO  c.s.ShopApplication - [logStarted,61] - Started ShopApplication in 4.019 seconds (JVM running for 4.472)
19:27:11.953 [http-nio-8888-exec-1] INFO  o.a.c.c.C.[.[.[/] - [log,173] - Initializing Spring DispatcherServlet 'dispatcherServlet'
19:27:20.272 [schedule-pool-1] INFO  sys-user - [run,50] - [127.0.0.1]内网IP[admin][Success][登录成功]
19:28:52.092 [schedule-pool-1] INFO  sys-user - [run,50] - [127.0.0.1]内网IP[admin][Logout][退出成功]
19:28:58.111 [schedule-pool-2] INFO  sys-user - [run,50] - [127.0.0.1]内网IP[admin][Success][登录成功]
21:57:50.557 [schedule-pool-1] INFO  sys-user - [run,50] - [127.0.0.1]内网IP[admin][Success][登录成功]
